top - 14:17:25 up 1 min,  2 users,  load average: 0.73, 0.28, 0.10
Tasks: 220 total,   3 running, 217 sleeping,   0 stopped,   0 zombie
%Cpu(s): 46.5 us,  4.7 sy,  0.0 ni, 46.5 id,  0.0 wa,  0.0 hi,  2.3 si,  0.0 st 
MiB Mem :   3451.4 total,   1891.1 free,   1096.8 used,    631.6 buff/cache     
MiB Swap:   3072.0 total,   3072.0 free,      0.0 used.   2354.6 avail Mem 

    PID USER      PR  NI    VIRT    RES    SHR S  %CPU  %MEM     TIME+ COMMAND
   3203 valerie   20   0  241808  15572   1836 R 100.0   0.4   0:00.20 bash
   3205 valerie   20   0  241412  15188   1836 R 100.0   0.4   0:00.18 bash
      1 root      20   0   47524  38324   9592 S   0.0   1.1   0:01.57 systemd
      2 root      20   0       0      0      0 S   0.0   0.0   0:00.00 kthreadd
      3 root      20   0       0      0      0 S   0.0   0.0   0:00.00 pool_wo+
top - 14:17:30 up 1 min,  2 users,  load average: 0.83, 0.31, 0.11
Tasks: 220 total,   3 running, 217 sleeping,   0 stopped,   0 zombie
%Cpu(s): 58.1 us,  4.7 sy,  0.0 ni, 30.2 id,  0.0 wa,  0.0 hi,  7.0 si,  0.0 st 
MiB Mem :   3451.4 total,   1376.4 free,   1611.3 used,    631.8 buff/cache     
MiB Swap:   3072.0 total,   3072.0 free,      0.0 used.   1840.1 avail Mem 

    PID USER      PR  NI    VIRT    RES    SHR S  %CPU  %MEM     TIME+ COMMAND
   3203 valerie   20   0  503036 276820   1836 R 100.0   7.8   0:05.40 bash
   3205 valerie   20   0  498020 271828   1836 R 100.0   7.7   0:05.40 bash
   2255 valerie   20   0 4890432 305992 114804 S  50.0   8.7   0:06.15 gnome-s+
   2974 valerie   20   0 2553944 224524  87608 S  40.0   6.4   0:03.30 ptyxis
      1 root      20   0   47524  38324   9592 S   0.0   1.1   0:01.57 systemd
top - 14:17:35 up 1 min,  2 users,  load average: 0.92, 0.34, 0.12
Tasks: 220 total,   3 running, 217 sleeping,   0 stopped,   0 zombie
%Cpu(s): 43.5 us,  0.0 sy,  0.0 ni, 43.5 id,  0.0 wa,  0.0 hi, 13.0 si,  0.0 st 
MiB Mem :   3451.4 total,    865.9 free,   2121.9 used,    631.8 buff/cache     
MiB Swap:   3072.0 total,   3072.0 free,      0.0 used.   1329.5 avail Mem 

    PID USER      PR  NI    VIRT    RES    SHR S  %CPU  %MEM     TIME+ COMMAND
   3203 valerie   20   0  766244 539988   1836 R 100.0  15.3   0:10.61 bash
   3205 valerie   20   0  756608 530388   1836 R 100.0  15.0   0:10.61 bash
      1 root      20   0   47524  38324   9592 S   0.0   1.1   0:01.57 systemd
      2 root      20   0       0      0      0 S   0.0   0.0   0:00.00 kthreadd
      3 root      20   0       0      0      0 S   0.0   0.0   0:00.00 pool_wo+
top - 14:17:41 up 1 min,  2 users,  load average: 1.01, 0.37, 0.13
Tasks: 221 total,   3 running, 218 sleeping,   0 stopped,   0 zombie
%Cpu(s): 42.2 us,  2.2 sy,  0.0 ni, 44.4 id,  0.0 wa,  0.0 hi, 11.1 si,  0.0 st 
MiB Mem :   3451.4 total,    287.5 free,   2700.2 used,    631.9 buff/cache     
MiB Swap:   3072.0 total,   3072.0 free,      0.0 used.    751.2 avail Mem 

    PID USER      PR  NI    VIRT    RES    SHR S  %CPU  %MEM     TIME+ COMMAND
   3203 valerie   20   0 1060340 834132   1836 R 100.0  23.6   0:15.81 bash
   3205 valerie   20   0 1047272 821076   1836 R 100.0  23.2   0:15.82 bash
      1 root      20   0   47524  38324   9592 S   0.0   1.1   0:01.57 systemd
      2 root      20   0       0      0      0 S   0.0   0.0   0:00.00 kthreadd
      3 root      20   0       0      0      0 S   0.0   0.0   0:00.00 pool_wo+
top - 14:17:46 up 1 min,  2 users,  load average: 1.17, 0.41, 0.15
Tasks: 221 total,   3 running, 218 sleeping,   0 stopped,   0 zombie
%Cpu(s): 52.9 us,  5.9 sy,  0.0 ni, 27.5 id,  2.0 wa,  0.0 hi, 11.8 si,  0.0 st 
MiB Mem :   3451.4 total,    133.1 free,   3155.8 used,    316.6 buff/cache     
MiB Swap:   3072.0 total,   3061.7 free,     10.3 used.    295.6 avail Mem 

    PID USER      PR  NI    VIRT    RES    SHR S  %CPU  %MEM     TIME+ COMMAND
   3203 valerie   20   0 1341236   1.1g   1836 R  90.9  31.5   0:21.02 bash
   3205 valerie   20   0 1323020   1.0g   1836 R  90.9  31.0   0:21.02 bash
   2255 valerie   20   0 4890392 287336  94228 S  18.2   8.1   0:06.61 gnome-s+
   2974 valerie   20   0 2559984 218088  74888 S   9.1   6.2   0:04.05 ptyxis
   3236 valerie   20   0  231812   4548   2628 R   9.1   0.1   0:00.01 top
top - 14:17:51 up 1 min,  2 users,  load average: 1.24, 0.44, 0.16
Tasks: 221 total,   4 running, 217 sleeping,   0 stopped,   0 zombie
%Cpu(s): 51.2 us,  0.0 sy,  0.0 ni, 46.5 id,  2.3 wa,  0.0 hi,  0.0 si,  0.0 st 
MiB Mem :   3451.4 total,     67.1 free,   3416.4 used,     89.1 buff/cache     
MiB Swap:   3072.0 total,   2833.9 free,    238.1 used.     35.0 avail Mem 

    PID USER      PR  NI    VIRT    RES    SHR S  %CPU  %MEM     TIME+ COMMAND
   3203 valerie   20   0 1596656   1.3g   1836 R 100.0  37.3   0:26.29 bash
   3205 valerie   20   0 1577384   1.2g   1836 R 100.0  36.8   0:26.29 bash
     58 root      20   0       0      0      0 R  10.0   0.0   0:00.57 kswapd0
      1 root      20   0   47524  36276   7672 S   0.0   1.0   0:01.57 systemd
      2 root      20   0       0      0      0 S   0.0   0.0   0:00.00 kthreadd
top - 14:17:56 up 2 min,  2 users,  load average: 1.38, 0.48, 0.17
Tasks: 221 total,   3 running, 218 sleeping,   0 stopped,   0 zombie
%Cpu(s): 48.9 us,  6.7 sy,  0.0 ni, 42.2 id,  2.2 wa,  0.0 hi,  0.0 si,  0.0 st 
MiB Mem :   3451.4 total,     73.1 free,   3413.5 used,     83.0 buff/cache     
MiB Swap:   3072.0 total,   2363.6 free,    708.4 used.     37.9 avail Mem 

    PID USER      PR  NI    VIRT    RES    SHR S  %CPU  %MEM     TIME+ COMMAND
   3203 valerie   20   0 1840856   1.3g   1836 R  90.9  39.7   0:31.52 bash
   3205 valerie   20   0 1820924   1.3g   1836 R  90.9  39.2   0:31.51 bash
     58 root      20   0       0      0      0 S  18.2   0.0   0:01.04 kswapd0
   3250 valerie   20   0  231812   4540   2620 R   9.1   0.1   0:00.01 top
      1 root      20   0   47524  25908   5496 S   0.0   0.7   0:01.57 systemd
top - 14:18:02 up 2 min,  2 users,  load average: 1.43, 0.50, 0.18
Tasks: 221 total,   3 running, 218 sleeping,   0 stopped,   0 zombie
%Cpu(s): 67.5 us,  5.0 sy,  0.0 ni, 25.0 id,  2.5 wa,  0.0 hi,  0.0 si,  0.0 st 
MiB Mem :   3451.4 total,     59.1 free,   3393.5 used,    151.2 buff/cache     
MiB Swap:   3072.0 total,   1885.7 free,   1186.3 used.     57.9 avail Mem 

    PID USER      PR  NI    VIRT    RES    SHR S  %CPU  %MEM     TIME+ COMMAND
   3203 valerie   20   0 2050208   1.3g   1836 R 100.0  39.9   0:36.73 bash
   3205 valerie   20   0 2028956   1.3g   1836 R 100.0  39.6   0:36.68 bash
     58 root      20   0       0      0      0 S  27.3   0.0   0:01.63 kswapd0
      1 root      20   0   47524  21300   5496 S   0.0   0.6   0:01.57 systemd
      2 root      20   0       0      0      0 S   0.0   0.0   0:00.00 kthreadd
top - 14:18:07 up 2 min,  2 users,  load average: 1.63, 0.56, 0.20
Tasks: 221 total,   3 running, 218 sleeping,   0 stopped,   0 zombie
%Cpu(s): 43.5 us, 21.7 sy,  0.0 ni, 28.3 id,  0.0 wa,  0.0 hi,  6.5 si,  0.0 st 
MiB Mem :   3451.4 total,    119.7 free,   3332.9 used,    151.0 buff/cache     
MiB Swap:   3072.0 total,   1391.2 free,   1680.8 used.    118.4 avail Mem 

    PID USER      PR  NI    VIRT    RES    SHR S  %CPU  %MEM     TIME+ COMMAND
   3203 valerie   20   0 2268536   1.4g   1836 R 100.0  40.5   0:41.94 bash
   3205 valerie   20   0 2250584   1.4g   1836 R 100.0  40.3   0:41.89 bash
   2974 valerie   20   0 2553960 146512  60012 S  60.0   4.1   0:06.32 ptyxis
   3262 valerie   20   0  231812   4540   2620 R  10.0   0.1   0:00.01 top
      1 root      20   0   47524   9140   5496 S   0.0   0.3   0:01.57 systemd
top - 14:18:12 up 2 min,  2 users,  load average: 1.74, 0.60, 0.22
Tasks: 220 total,   2 running, 218 sleeping,   0 stopped,   0 zombie
%Cpu(s): 22.7 us,  0.0 sy,  0.0 ni, 70.5 id,  0.0 wa,  0.0 hi,  6.8 si,  0.0 st 
MiB Mem :   3451.4 total,   1313.2 free,   2139.1 used,    151.6 buff/cache     
MiB Swap:   3072.0 total,   1931.7 free,   1140.3 used.   1312.3 avail Mem 

    PID USER      PR  NI    VIRT    RES    SHR S  %CPU  %MEM     TIME+ COMMAND
   3205 valerie   20   0 2499404   1.6g   1836 R 100.0  46.0   0:47.11 bash
      1 root      20   0   47524   8756   5496 S   0.0   0.2   0:01.57 systemd
      2 root      20   0       0      0      0 S   0.0   0.0   0:00.00 kthreadd
      3 root      20   0       0      0      0 S   0.0   0.0   0:00.00 pool_wo+
      4 root       0 -20       0      0      0 I   0.0   0.0   0:00.00 kworker+
top - 14:18:17 up 2 min,  2 users,  load average: 1.68, 0.61, 0.22
Tasks: 220 total,   2 running, 218 sleeping,   0 stopped,   0 zombie
%Cpu(s): 22.2 us,  0.0 sy,  0.0 ni, 68.9 id,  0.0 wa,  0.0 hi,  8.9 si,  0.0 st 
MiB Mem :   3451.4 total,   1019.0 free,   2433.1 used,    152.0 buff/cache     
MiB Swap:   3072.0 total,   1933.7 free,   1138.3 used.   1018.3 avail Mem 

    PID USER      PR  NI    VIRT    RES    SHR S  %CPU  %MEM     TIME+ COMMAND
   3205 valerie   20   0 2795348   1.8g   1836 R 100.0  54.4   0:52.32 bash
      1 root      20   0   47524   8756   5496 S   0.0   0.2   0:01.57 systemd
      2 root      20   0       0      0      0 S   0.0   0.0   0:00.00 kthreadd
      3 root      20   0       0      0      0 S   0.0   0.0   0:00.00 pool_wo+
      4 root       0 -20       0      0      0 I   0.0   0.0   0:00.00 kworker+
top - 14:18:22 up 2 min,  2 users,  load average: 1.63, 0.62, 0.23
Tasks: 220 total,   2 running, 218 sleeping,   0 stopped,   0 zombie
%Cpu(s): 20.0 us,  4.0 sy,  0.0 ni, 60.0 id,  2.0 wa,  0.0 hi, 14.0 si,  0.0 st 
MiB Mem :   3451.4 total,    719.6 free,   2732.6 used,    152.1 buff/cache     
MiB Swap:   3072.0 total,   1933.7 free,   1138.3 used.    718.8 avail Mem 

    PID USER      PR  NI    VIRT    RES    SHR S  %CPU  %MEM     TIME+ COMMAND
   3205 valerie   20   0 3098816   2.1g   1836 R  90.9  63.0   0:57.52 bash
      1 root      20   0   47524   8756   5496 S   0.0   0.2   0:01.57 systemd
      2 root      20   0       0      0      0 S   0.0   0.0   0:00.00 kthreadd
      3 root      20   0       0      0      0 S   0.0   0.0   0:00.00 pool_wo+
      4 root       0 -20       0      0      0 I   0.0   0.0   0:00.00 kworker+
top - 14:18:28 up 2 min,  2 users,  load average: 1.58, 0.62, 0.23
Tasks: 220 total,   2 running, 218 sleeping,   0 stopped,   0 zombie
%Cpu(s): 20.5 us,  2.3 sy,  0.0 ni, 68.2 id,  0.0 wa,  0.0 hi,  9.1 si,  0.0 st 
MiB Mem :   3451.4 total,    414.0 free,   3038.0 used,    152.2 buff/cache     
MiB Swap:   3072.0 total,   1933.7 free,   1138.3 used.    413.4 avail Mem 

    PID USER      PR  NI    VIRT    RES    SHR S  %CPU  %MEM     TIME+ COMMAND
   3205 valerie   20   0 3412580   2.4g   1836 R 100.0  71.8   1:02.73 bash
      1 root      20   0   47524   8756   5496 S   0.0   0.2   0:01.57 systemd
      2 root      20   0       0      0      0 S   0.0   0.0   0:00.00 kthreadd
      3 root      20   0       0      0      0 S   0.0   0.0   0:00.00 pool_wo+
      4 root       0 -20       0      0      0 I   0.0   0.0   0:00.00 kworker+
top - 14:18:33 up 2 min,  2 users,  load average: 1.53, 0.63, 0.24
Tasks: 220 total,   2 running, 218 sleeping,   0 stopped,   0 zombie
%Cpu(s): 24.4 us,  0.0 sy,  0.0 ni, 64.4 id,  0.0 wa,  0.0 hi, 11.1 si,  0.0 st 
MiB Mem :   3451.4 total,    120.0 free,   3331.6 used,    153.0 buff/cache     
MiB Swap:   3072.0 total,   1934.0 free,   1138.0 used.    119.8 avail Mem 

    PID USER      PR  NI    VIRT    RES    SHR S  %CPU  %MEM     TIME+ COMMAND
   3205 valerie   20   0 3722516   2.7g   1836 R 100.0  80.6   1:07.94 bash
   2255 valerie   20   0 4890392 137192  34452 S  30.0   3.9   0:09.47 gnome-s+
   2974 valerie   20   0 2550416 137296  59656 S  10.0   3.9   0:07.85 ptyxis
      1 root      20   0   47524   8756   5496 S   0.0   0.2   0:01.57 systemd
      2 root      20   0       0      0      0 S   0.0   0.0   0:00.00 kthreadd
top - 14:18:38 up 2 min,  2 users,  load average: 1.45, 0.64, 0.25
Tasks: 220 total,   3 running, 217 sleeping,   0 stopped,   0 zombie
%Cpu(s): 25.0 us,  0.0 sy,  0.0 ni, 75.0 id,  0.0 wa,  0.0 hi,  0.0 si,  0.0 st 
MiB Mem :   3451.4 total,     63.1 free,   3389.5 used,    151.0 buff/cache     
MiB Swap:   3072.0 total,   1734.4 free,   1337.6 used.     61.9 avail Mem 

    PID USER      PR  NI    VIRT    RES    SHR S  %CPU  %MEM     TIME+ COMMAND
   3205 valerie   20   0 3993776   2.8g   1836 R 100.0  82.7   1:13.16 bash
     58 root      20   0       0      0      0 R  10.0   0.0   0:02.57 kswapd0
      1 root      20   0   47524   7092   3832 S   0.0   0.2   0:01.57 systemd
      2 root      20   0       0      0      0 S   0.0   0.0   0:00.00 kthreadd
      3 root      20   0       0      0      0 S   0.0   0.0   0:00.00 pool_wo+
top - 14:18:43 up 2 min,  2 users,  load average: 1.57, 0.68, 0.26
Tasks: 220 total,   2 running, 218 sleeping,   0 stopped,   0 zombie
%Cpu(s): 20.4 us,  0.0 sy,  0.0 ni, 63.3 id,  0.0 wa,  0.0 hi, 16.3 si,  0.0 st 
MiB Mem :   3451.4 total,     59.0 free,   3401.2 used,    136.2 buff/cache     
MiB Swap:   3072.0 total,   1449.5 free,   1622.5 used.     50.2 avail Mem 

    PID USER      PR  NI    VIRT    RES    SHR S  %CPU  %MEM     TIME+ COMMAND
   3205 valerie   20   0 4313348   2.8g   1836 R 100.0  83.9   1:18.37 bash
     58 root      20   0       0      0      0 S  20.0   0.0   0:02.92 kswapd0
      1 root      20   0   47524   6508   4016 S   0.0   0.2   0:01.58 systemd
      2 root      20   0       0      0      0 S   0.0   0.0   0:00.00 kthreadd
      3 root      20   0       0      0      0 S   0.0   0.0   0:00.00 pool_wo+
top - 14:18:48 up 2 min,  2 users,  load average: 1.53, 0.69, 0.27
Tasks: 220 total,   2 running, 218 sleeping,   0 stopped,   0 zombie
%Cpu(s): 23.3 us,  7.0 sy,  0.0 ni, 69.8 id,  0.0 wa,  0.0 hi,  0.0 si,  0.0 st 
MiB Mem :   3451.4 total,     65.4 free,   3424.3 used,     77.1 buff/cache     
MiB Swap:   3072.0 total,   1213.6 free,   1858.4 used.     27.1 avail Mem 

    PID USER      PR  NI    VIRT    RES    SHR S  %CPU  %MEM     TIME+ COMMAND
   3205 valerie   20   0 4635692   2.9g   1580 R  90.9  87.0   1:23.59 bash
     58 root      20   0       0      0      0 S  18.2   0.0   0:03.38 kswapd0
      1 root      20   0   47524   4588   3632 S   0.0   0.1   0:01.58 systemd
      2 root      20   0       0      0      0 S   0.0   0.0   0:00.00 kthreadd
      3 root      20   0       0      0      0 S   0.0   0.0   0:00.00 pool_wo+
top - 14:18:54 up 3 min,  2 users,  load average: 1.48, 0.69, 0.27
Tasks: 220 total,   2 running, 218 sleeping,   0 stopped,   0 zombie
%Cpu(s): 25.6 us,  4.7 sy,  0.0 ni, 67.4 id,  2.3 wa,  0.0 hi,  0.0 si,  0.0 st 
MiB Mem :   3451.4 total,     71.2 free,   3423.2 used,     67.8 buff/cache     
MiB Swap:   3072.0 total,    912.4 free,   2159.6 used.     28.2 avail Mem 

    PID USER      PR  NI    VIRT    RES    SHR S  %CPU  %MEM     TIME+ COMMAND
   3205 valerie   20   0 4955000   3.0g   1580 R 100.0  87.7   1:28.81 bash
     58 root      20   0       0      0      0 S  20.0   0.0   0:03.75 kswapd0
      1 root      20   0   47524   4588   3632 S   0.0   0.1   0:01.58 systemd
      2 root      20   0       0      0      0 S   0.0   0.0   0:00.00 kthreadd
      3 root      20   0       0      0      0 S   0.0   0.0   0:00.00 pool_wo+
top - 14:18:59 up 3 min,  2 users,  load average: 1.45, 0.70, 0.27
Tasks: 220 total,   2 running, 218 sleeping,   0 stopped,   0 zombie
%Cpu(s): 19.6 us,  4.3 sy,  0.0 ni, 56.5 id,  6.5 wa,  0.0 hi, 13.0 si,  0.0 st 
MiB Mem :   3451.4 total,     75.1 free,   3419.2 used,     67.9 buff/cache     
MiB Swap:   3072.0 total,    599.1 free,   2472.9 used.     32.2 avail Mem 

    PID USER      PR  NI    VIRT    RES    SHR S  %CPU  %MEM     TIME+ COMMAND
   3205 valerie   20   0 5276156   3.0g   1580 R 100.0  88.0   1:34.04 bash
      1 root      20   0   47524   4588   3632 S   0.0   0.1   0:01.58 systemd
      2 root      20   0       0      0      0 S   0.0   0.0   0:00.00 kthreadd
      3 root      20   0       0      0      0 S   0.0   0.0   0:00.00 pool_wo+
      4 root       0 -20       0      0      0 I   0.0   0.0   0:00.00 kworker+
top - 14:19:04 up 3 min,  2 users,  load average: 1.41, 0.70, 0.28
Tasks: 220 total,   2 running, 218 sleeping,   0 stopped,   0 zombie
%Cpu(s): 20.4 us,  4.1 sy,  0.0 ni, 63.3 id,  0.0 wa,  0.0 hi, 12.2 si,  0.0 st 
MiB Mem :   3451.4 total,     58.2 free,   3433.7 used,     72.7 buff/cache     
MiB Swap:   3072.0 total,    297.7 free,   2774.3 used.     17.7 avail Mem 

    PID USER      PR  NI    VIRT    RES    SHR S  %CPU  %MEM     TIME+ COMMAND
   3205 valerie   20   0 5593352   3.0g   1580 R  90.9  87.6   1:39.25 bash
     58 root      20   0       0      0      0 S  27.3   0.0   0:04.51 kswapd0
      1 root      20   0   47524   4204   3248 S   0.0   0.1   0:01.58 systemd
      2 root      20   0       0      0      0 S   0.0   0.0   0:00.00 kthreadd
      3 root      20   0       0      0      0 S   0.0   0.0   0:00.00 pool_wo+
top - 14:19:09 up 3 min,  2 users,  load average: 1.38, 0.71, 0.28
Tasks: 220 total,   2 running, 218 sleeping,   0 stopped,   0 zombie
%Cpu(s): 22.4 us,  2.0 sy,  0.0 ni, 63.3 id,  0.0 wa,  0.0 hi, 12.2 si,  0.0 st 
MiB Mem :   3451.4 total,     58.4 free,   3433.2 used,     73.4 buff/cache     
MiB Swap:   3072.0 total,      0.0 free,   3072.0 used.     18.2 avail Mem 

    PID USER      PR  NI    VIRT    RES    SHR S  %CPU  %MEM     TIME+ COMMAND
   3205 valerie   20   0 5906324   3.0g   1580 R  90.9  88.5   1:44.44 bash
      1 root      20   0   47524   3308   2352 S   0.0   0.1   0:01.58 systemd
      2 root      20   0       0      0      0 S   0.0   0.0   0:00.00 kthreadd
      3 root      20   0       0      0      0 S   0.0   0.0   0:00.00 pool_wo+
      4 root       0 -20       0      0      0 I   0.0   0.0   0:00.00 kworker+
